<?xml version="1.0" encoding="UTF-8"?>
<!-- Generated by org.testng.reporters.JUnitReportReporter -->
<testsuite hostname="DESKTOP-R8P5122" failures="0" tests="1" name="Tests.JSONSchemaValidator" time="3.536" errors="0" timestamp="2025-10-24T08:44:38 SAST" skipped="0">
  <testcase classname="Tests.JSONSchemaValidator" name="validateCountriesSchema" time="3.536"/>
</testsuite> <!-- Tests.JSONSchemaValidator -->
