<?xml version="1.0" encoding="UTF-8"?>
<!-- Generated by org.testng.reporters.JUnitReportReporter -->
<testsuite hostname="DESKTOP-R8P5122" failures="0" tests="1" name="Tests.APITest2" time="28.149" errors="0" timestamp="2024-09-02T18:18:17 SAST" skipped="0">
  <testcase classname="Tests.APITest2" name="APIest2" time="28.149"/>
</testsuite> <!-- Tests.APITest2 -->
