<?xml version="1.0" encoding="UTF-8"?>
<!-- Generated by org.testng.reporters.JUnitReportReporter -->
<testsuite hostname="DESKTOP-R8P5122" failures="0" tests="1" name="Tests.APITest1" time="3.300" errors="0" timestamp="2024-09-02T18:16:17 SAST" skipped="0">
  <testcase classname="Tests.APITest1" name="apiTest" time="3.300"/>
</testsuite> <!-- Tests.APITest1 -->
