<?xml version="1.0" encoding="UTF-8"?>
<!-- Generated by org.testng.reporters.JUnitReportReporter -->
<testsuite hostname="DESKTOP-R8P5122" failures="0" tests="1" name="Tests.APITest3" time="8.759" errors="0" timestamp="2024-09-02T18:23:05 SAST" skipped="0">
  <testcase classname="Tests.APITest3" name="Test3" time="8.759"/>
</testsuite> <!-- Tests.APITest3 -->
